0 info it worked if it ends with ok
1 verbose cli [ '/usr/local/bin/node',
1 verbose cli   '/usr/local/bin/npm',
1 verbose cli   'install',
1 verbose cli   '-g',
1 verbose cli   'generator-meanjs@0.1.12',
1 verbose cli   'mkdir',
1 verbose cli   'NorthwindNode' ]
2 info using npm@3.10.9
3 info using node@v4.4.4
4 silly loadCurrentTree Starting
5 silly install loadCurrentTree
6 silly install readGlobalPackageData
7 silly fetchPackageMetaData generator-meanjs@0.1.12
8 silly fetchPackageMetaData mkdir
9 silly fetchPackageMetaData NorthwindNode
10 silly fetchNamedPackageData generator-meanjs
11 silly mapToRegistry name generator-meanjs
12 silly mapToRegistry using default registry
13 silly mapToRegistry registry https://registry.npmjs.org/
14 silly mapToRegistry data Result {
14 silly mapToRegistry   raw: 'generator-meanjs',
14 silly mapToRegistry   scope: null,
14 silly mapToRegistry   escapedName: 'generator-meanjs',
14 silly mapToRegistry   name: 'generator-meanjs',
14 silly mapToRegistry   rawSpec: '',
14 silly mapToRegistry   spec: 'latest',
14 silly mapToRegistry   type: 'tag' }
15 silly mapToRegistry uri https://registry.npmjs.org/generator-meanjs
16 silly fetchNamedPackageData mkdir
17 silly mapToRegistry name mkdir
18 silly mapToRegistry using default registry
19 silly mapToRegistry registry https://registry.npmjs.org/
20 silly mapToRegistry data Result {
20 silly mapToRegistry   raw: 'mkdir',
20 silly mapToRegistry   scope: null,
20 silly mapToRegistry   escapedName: 'mkdir',
20 silly mapToRegistry   name: 'mkdir',
20 silly mapToRegistry   rawSpec: '',
20 silly mapToRegistry   spec: 'latest',
20 silly mapToRegistry   type: 'tag' }
21 silly mapToRegistry uri https://registry.npmjs.org/mkdir
22 silly fetchNamedPackageData NorthwindNode
23 silly mapToRegistry name NorthwindNode
24 silly mapToRegistry using default registry
25 silly mapToRegistry registry https://registry.npmjs.org/
26 silly mapToRegistry data Result {
26 silly mapToRegistry   raw: 'NorthwindNode',
26 silly mapToRegistry   scope: null,
26 silly mapToRegistry   escapedName: 'NorthwindNode',
26 silly mapToRegistry   name: 'NorthwindNode',
26 silly mapToRegistry   rawSpec: '',
26 silly mapToRegistry   spec: 'latest',
26 silly mapToRegistry   type: 'tag' }
27 silly mapToRegistry uri https://registry.npmjs.org/NorthwindNode
28 verbose request uri https://registry.npmjs.org/mkdir
29 verbose request no auth needed
30 info attempt registry request try #1 at 6:11:00 PM
31 verbose request using bearer token for auth
32 verbose request id 93292dde728015ef
33 http request GET https://registry.npmjs.org/mkdir
34 verbose request uri https://registry.npmjs.org/NorthwindNode
35 verbose request no auth needed
36 info attempt registry request try #1 at 6:11:00 PM
37 verbose request using bearer token for auth
38 http request GET https://registry.npmjs.org/NorthwindNode
39 verbose request uri https://registry.npmjs.org/generator-meanjs
40 verbose request no auth needed
41 info attempt registry request try #1 at 6:11:00 PM
42 verbose request using bearer token for auth
43 verbose etag "1NV7TNT06UPVZGAUBHDHYCV41"
44 http request GET https://registry.npmjs.org/generator-meanjs
45 http 404 https://registry.npmjs.org/NorthwindNode
46 verbose headers { 'content-type': 'application/json',
46 verbose headers   'cache-control': 'max-age=0',
46 verbose headers   'content-length': '2',
46 verbose headers   'accept-ranges': 'bytes',
46 verbose headers   date: 'Wed, 09 Nov 2016 23:11:00 GMT',
46 verbose headers   via: '1.1 varnish',
46 verbose headers   connection: 'keep-alive',
46 verbose headers   'x-served-by': 'cache-ord1746-ORD',
46 verbose headers   'x-cache': 'MISS',
46 verbose headers   'x-cache-hits': '0',
46 verbose headers   'x-timer': 'S1478733060.548675,VS0,VE84',
46 verbose headers   vary: 'Accept-Encoding' }
47 silly get cb [ 404,
47 silly get   { 'content-type': 'application/json',
47 silly get     'cache-control': 'max-age=0',
47 silly get     'content-length': '2',
47 silly get     'accept-ranges': 'bytes',
47 silly get     date: 'Wed, 09 Nov 2016 23:11:00 GMT',
47 silly get     via: '1.1 varnish',
47 silly get     connection: 'keep-alive',
47 silly get     'x-served-by': 'cache-ord1746-ORD',
47 silly get     'x-cache': 'MISS',
47 silly get     'x-cache-hits': '0',
47 silly get     'x-timer': 'S1478733060.548675,VS0,VE84',
47 silly get     vary: 'Accept-Encoding' } ]
48 silly fetchPackageMetaData Error: Registry returned 404 for GET on https://registry.npmjs.org/NorthwindNode
48 silly fetchPackageMetaData     at makeError (/usr/local/lib/node_modules/npm/node_modules/npm-registry-client/lib/request.js:302:12)
48 silly fetchPackageMetaData     at CachingRegistryClient.<anonymous> (/usr/local/lib/node_modules/npm/node_modules/npm-registry-client/lib/request.js:280:14)
48 silly fetchPackageMetaData     at Request._callback (/usr/local/lib/node_modules/npm/node_modules/npm-registry-client/lib/request.js:210:14)
48 silly fetchPackageMetaData     at Request.self.callback (/usr/local/lib/node_modules/npm/node_modules/request/request.js:187:22)
48 silly fetchPackageMetaData     at emitTwo (events.js:87:13)
48 silly fetchPackageMetaData     at Request.emit (events.js:172:7)
48 silly fetchPackageMetaData     at Request.<anonymous> (/usr/local/lib/node_modules/npm/node_modules/request/request.js:1048:10)
48 silly fetchPackageMetaData     at emitOne (events.js:77:13)
48 silly fetchPackageMetaData     at Request.emit (events.js:169:7)
48 silly fetchPackageMetaData     at IncomingMessage.<anonymous> (/usr/local/lib/node_modules/npm/node_modules/request/request.js:969:12)
48 silly fetchPackageMetaData  error for NorthwindNode { [Error: Registry returned 404 for GET on https://registry.npmjs.org/NorthwindNode] pkgid: 'NorthwindNode', statusCode: 404, code: 'E404' }
49 http 200 https://registry.npmjs.org/mkdir
50 verbose headers { server: 'CouchDB/1.5.0 (Erlang OTP/R16B03)',
50 verbose headers   etag: '"BML76H2KYNPENRXUF26UDWPOJ"',
50 verbose headers   'content-type': 'application/json',
50 verbose headers   'content-encoding': 'gzip',
50 verbose headers   'cache-control': 'max-age=300',
50 verbose headers   'transfer-encoding': 'chunked',
50 verbose headers   'accept-ranges': 'bytes',
50 verbose headers   date: 'Wed, 09 Nov 2016 23:11:00 GMT',
50 verbose headers   via: '1.1 varnish',
50 verbose headers   connection: 'keep-alive',
50 verbose headers   'x-served-by': 'cache-ord1731-ORD',
50 verbose headers   'x-cache': 'MISS',
50 verbose headers   'x-cache-hits': '0',
50 verbose headers   'x-timer': 'S1478733060.548364,VS0,VE83',
50 verbose headers   vary: 'Accept-Encoding' }
51 silly get cb [ 200,
51 silly get   { server: 'CouchDB/1.5.0 (Erlang OTP/R16B03)',
51 silly get     etag: '"BML76H2KYNPENRXUF26UDWPOJ"',
51 silly get     'content-type': 'application/json',
51 silly get     'content-encoding': 'gzip',
51 silly get     'cache-control': 'max-age=300',
51 silly get     'transfer-encoding': 'chunked',
51 silly get     'accept-ranges': 'bytes',
51 silly get     date: 'Wed, 09 Nov 2016 23:11:00 GMT',
51 silly get     via: '1.1 varnish',
51 silly get     connection: 'keep-alive',
51 silly get     'x-served-by': 'cache-ord1731-ORD',
51 silly get     'x-cache': 'MISS',
51 silly get     'x-cache-hits': '0',
51 silly get     'x-timer': 'S1478733060.548364,VS0,VE83',
51 silly get     vary: 'Accept-Encoding' } ]
52 verbose get saving mkdir to /Users/Jon/.npm/registry.npmjs.org/mkdir/.cache.json
53 verbose correctMkdir /Users/Jon/.npm correctMkdir not in flight; initializing
54 http 200 https://registry.npmjs.org/generator-meanjs
55 verbose headers { server: 'CouchDB/1.5.0 (Erlang OTP/R16B03)',
55 verbose headers   etag: '"71048I7SYUM1YWZHEXXT1OR93"',
55 verbose headers   'content-type': 'application/json',
55 verbose headers   'content-encoding': 'gzip',
55 verbose headers   'cache-control': 'max-age=300',
55 verbose headers   'transfer-encoding': 'chunked',
55 verbose headers   'accept-ranges': 'bytes',
55 verbose headers   date: 'Wed, 09 Nov 2016 23:11:00 GMT',
55 verbose headers   via: '1.1 varnish',
55 verbose headers   connection: 'keep-alive',
55 verbose headers   'x-served-by': 'cache-ord1726-ORD',
55 verbose headers   'x-cache': 'MISS',
55 verbose headers   'x-cache-hits': '0',
55 verbose headers   'x-timer': 'S1478733060.547388,VS0,VE77',
55 verbose headers   vary: 'Accept-Encoding' }
56 silly get cb [ 200,
56 silly get   { server: 'CouchDB/1.5.0 (Erlang OTP/R16B03)',
56 silly get     etag: '"71048I7SYUM1YWZHEXXT1OR93"',
56 silly get     'content-type': 'application/json',
56 silly get     'content-encoding': 'gzip',
56 silly get     'cache-control': 'max-age=300',
56 silly get     'transfer-encoding': 'chunked',
56 silly get     'accept-ranges': 'bytes',
56 silly get     date: 'Wed, 09 Nov 2016 23:11:00 GMT',
56 silly get     via: '1.1 varnish',
56 silly get     connection: 'keep-alive',
56 silly get     'x-served-by': 'cache-ord1726-ORD',
56 silly get     'x-cache': 'MISS',
56 silly get     'x-cache-hits': '0',
56 silly get     'x-timer': 'S1478733060.547388,VS0,VE77',
56 silly get     vary: 'Accept-Encoding' } ]
57 verbose get saving generator-meanjs to /Users/Jon/.npm/registry.npmjs.org/generator-meanjs/.cache.json
58 verbose correctMkdir /Users/Jon/.npm correctMkdir not in flight; initializing
59 silly rollbackFailedOptional Starting
60 silly rollbackFailedOptional Finishing
61 silly runTopLevelLifecycles Finishing
62 silly install printInstalled
63 verbose stack Error: Registry returned 404 for GET on https://registry.npmjs.org/NorthwindNode
63 verbose stack     at makeError (/usr/local/lib/node_modules/npm/node_modules/npm-registry-client/lib/request.js:302:12)
63 verbose stack     at CachingRegistryClient.<anonymous> (/usr/local/lib/node_modules/npm/node_modules/npm-registry-client/lib/request.js:280:14)
63 verbose stack     at Request._callback (/usr/local/lib/node_modules/npm/node_modules/npm-registry-client/lib/request.js:210:14)
63 verbose stack     at Request.self.callback (/usr/local/lib/node_modules/npm/node_modules/request/request.js:187:22)
63 verbose stack     at emitTwo (events.js:87:13)
63 verbose stack     at Request.emit (events.js:172:7)
63 verbose stack     at Request.<anonymous> (/usr/local/lib/node_modules/npm/node_modules/request/request.js:1048:10)
63 verbose stack     at emitOne (events.js:77:13)
63 verbose stack     at Request.emit (events.js:169:7)
63 verbose stack     at IncomingMessage.<anonymous> (/usr/local/lib/node_modules/npm/node_modules/request/request.js:969:12)
64 verbose statusCode 404
65 verbose pkgid NorthwindNode
66 verbose cwd /Users/Jon/GitHub/AngularJS_Examples/brad
67 error Darwin 13.4.0
68 error argv "/usr/local/bin/node" "/usr/local/bin/npm" "install" "-g" "generator-meanjs@0.1.12" "mkdir" "NorthwindNode"
69 error node v4.4.4
70 error npm  v3.10.9
71 error code E404
72 error 404 Registry returned 404 for GET on https://registry.npmjs.org/NorthwindNode
73 error 404
74 error 404 'NorthwindNode' is not in the npm registry.
75 error 404 Your package name is not valid, because
76 error 404 1. name can no longer contain capital letters
77 error 404 Note that you can also install from a
78 error 404 tarball, folder, http url, or git url.
79 verbose exit [ 1, true ]
